[Iter 485] Loss: 2.3969 (P:1.7628, V:0.6341) | WinRate: 0.0% | AvgMoves: 20.9 | Buffer: 73192
[Iter 485] Eval Best detail: Capture Black: 10 | Avg Moves: 25.00
[Iter 485] Eval Best detail: Capture White: 6 | Avg Moves: 28.00
[Iter 485] Eval Best detail: Territory Black: 4 | Avg Diff: 3.00 | Avg Moves: 23.00
[Iter 485] Eval Best detail: Territory White: 0 | Avg Diff: 0.00 | Avg Moves: 0.00
[Iter 490] Loss: 2.3432 (P:1.7156, V:0.6276) | WinRate: 0.0% | AvgMoves: 20.9 | Buffer: 149896
[Iter 490] Eval Best detail: Capture Black: 0 | Avg Moves: 0.00
[Iter 490] Eval Best detail: Capture White: 20 | Avg Moves: 29.00
[Iter 490] Eval Best detail: Territory Black: 0 | Avg Diff: 0.00 | Avg Moves: 0.00
[Iter 490] Eval Best detail: Territory White: 0 | Avg Diff: 0.00 | Avg Moves: 0.00
[Iter 495] Loss: 2.3499 (P:1.7172, V:0.6327) | WinRate: 0.0% | AvgMoves: 20.9 | Buffer: 226432
[Iter 495] Eval Best detail: Capture Black: 10 | Avg Moves: 29.00
[Iter 495] Eval Best detail: Capture White: 3 | Avg Moves: 28.00
[Iter 495] Eval Best detail: Territory Black: 0 | Avg Diff: 0.00 | Avg Moves: 0.00
[Iter 495] Eval Best detail: Territory White: 7 | Avg Diff: 2.00 | Avg Moves: 31.00
[Iter 500] Loss: 2.3288 (P:1.6901, V:0.6387) | WinRate: 0.0% | AvgMoves: 20.7 | Buffer: 302008
[Iter 500] Eval Best detail: Capture Black: 10 | Avg Moves: 25.00
[Iter 500] Eval Best detail: Capture White: 9 | Avg Moves: 26.00
[Iter 500] Eval Best detail: Territory Black: 1 | Avg Diff: 4.00 | Avg Moves: 31.00
[Iter 500] Eval Best detail: Territory White: 0 | Avg Diff: 0.00 | Avg Moves: 0.00
[Iter 505] Loss: 2.3364 (P:1.7010, V:0.6354) | WinRate: 0.0% | AvgMoves: 20.7 | Buffer: 375928
[Iter 505] Eval Best detail: Capture Black: 10 | Avg Moves: 27.00
[Iter 505] Eval Best detail: Capture White: 0 | Avg Moves: 0.00
[Iter 505] Eval Best detail: Territory Black: 9 | Avg Diff: 3.00 | Avg Moves: 23.00
[Iter 505] Eval Best detail: Territory White: 1 | Avg Diff: 2.00 | Avg Moves: 31.00
[Iter 510] Loss: 2.3200 (P:1.6836, V:0.6364) | WinRate: 0.0% | AvgMoves: 20.5 | Buffer: 400000
[Iter 510] Eval Best detail: Capture Black: 0 | Avg Moves: 0.00
[Iter 510] Eval Best detail: Capture White: 8 | Avg Moves: 28.00
[Iter 510] Eval Best detail: Territory Black: 0 | Avg Diff: 0.00 | Avg Moves: 0.00
[Iter 510] Eval Best detail: Territory White: 12 | Avg Diff: 2.00 | Avg Moves: 32.83
[Iter 515] Loss: 2.3332 (P:1.6891, V:0.6441) | WinRate: 0.0% | AvgMoves: 21.0 | Buffer: 400000
[Iter 515] Eval Best detail: Capture Black: 10 | Avg Moves: 27.00
[Iter 515] Eval Best detail: Capture White: 0 | Avg Moves: 0.00
[Iter 515] Eval Best detail: Territory Black: 0 | Avg Diff: 0.00 | Avg Moves: 0.00
[Iter 515] Eval Best detail: Territory White: 10 | Avg Diff: 2.00 | Avg Moves: 31.00
[Iter 520] Loss: 2.3192 (P:1.6789, V:0.6404) | WinRate: 0.0% | AvgMoves: 20.4 | Buffer: 400000
[Iter 520] Eval Best detail: Capture Black: 0 | Avg Moves: 0.00
[Iter 520] Eval Best detail: Capture White: 10 | Avg Moves: 30.00
[Iter 520] Eval Best detail: Territory Black: 0 | Avg Diff: 0.00 | Avg Moves: 0.00
[Iter 520] Eval Best detail: Territory White: 10 | Avg Diff: 2.00 | Avg Moves: 31.00
[Iter 525] Loss: 2.3047 (P:1.6712, V:0.6335) | WinRate: 0.0% | AvgMoves: 21.1 | Buffer: 400000
[Iter 525] Eval Best detail: Capture Black: 10 | Avg Moves: 21.00
[Iter 525] Eval Best detail: Capture White: 2 | Avg Moves: 28.00
[Iter 525] Eval Best detail: Territory Black: 0 | Avg Diff: 0.00 | Avg Moves: 0.00
[Iter 525] Eval Best detail: Territory White: 8 | Avg Diff: 2.00 | Avg Moves: 31.00
[Iter 530] Loss: 2.3280 (P:1.6907, V:0.6373) | WinRate: 0.0% | AvgMoves: 21.1 | Buffer: 400000
[Iter 530] Eval Best detail: Capture Black: 0 | Avg Moves: 0.00
[Iter 530] Eval Best detail: Capture White: 10 | Avg Moves: 18.00
[Iter 530] Eval Best detail: Territory Black: 0 | Avg Diff: 0.00 | Avg Moves: 0.00
[Iter 530] Eval Best detail: Territory White: 10 | Avg Diff: 2.00 | Avg Moves: 31.00
[Iter 535] Loss: 2.3172 (P:1.6773, V:0.6399) | WinRate: 0.0% | AvgMoves: 20.7 | Buffer: 400000
[Iter 535] Eval Best detail: Capture Black: 10 | Avg Moves: 21.00
[Iter 535] Eval Best detail: Capture White: 0 | Avg Moves: 0.00
[Iter 535] Eval Best detail: Territory Black: 0 | Avg Diff: 0.00 | Avg Moves: 0.00
[Iter 535] Eval Best detail: Territory White: 10 | Avg Diff: 2.00 | Avg Moves: 31.00
[Iter 540] Loss: 2.3041 (P:1.6727, V:0.6315) | WinRate: 0.0% | AvgMoves: 20.9 | Buffer: 400000
[Iter 540] Eval Best detail: Capture Black: 10 | Avg Moves: 21.00
[Iter 540] Eval Best detail: Capture White: 0 | Avg Moves: 0.00
[Iter 540] Eval Best detail: Territory Black: 0 | Avg Diff: 0.00 | Avg Moves: 0.00
[Iter 540] Eval Best detail: Territory White: 10 | Avg Diff: 2.00 | Avg Moves: 31.00
[Iter 545] Loss: 2.3091 (P:1.6737, V:0.6355) | WinRate: 0.0% | AvgMoves: 20.6 | Buffer: 400000
[Iter 545] Eval Best detail: Capture Black: 10 | Avg Moves: 21.00
[Iter 545] Eval Best detail: Capture White: 0 | Avg Moves: 0.00
[Iter 545] Eval Best detail: Territory Black: 0 | Avg Diff: 0.00 | Avg Moves: 0.00
[Iter 545] Eval Best detail: Territory White: 10 | Avg Diff: 2.00 | Avg Moves: 31.00
[Iter 550] Loss: 2.3179 (P:1.6834, V:0.6344) | WinRate: 0.0% | AvgMoves: 20.2 | Buffer: 400000
[Iter 550] Eval Best detail: Capture Black: 0 | Avg Moves: 0.00
[Iter 550] Eval Best detail: Capture White: 0 | Avg Moves: 0.00
[Iter 550] Eval Best detail: Territory Black: 0 | Avg Diff: 0.00 | Avg Moves: 0.00
[Iter 550] Eval Best detail: Territory White: 20 | Avg Diff: 2.00 | Avg Moves: 36.50
[Iter 555] Loss: 2.3373 (P:1.6942, V:0.6431) | WinRate: 0.0% | AvgMoves: 21.0 | Buffer: 400000
[Iter 555] Eval Best detail: Capture Black: 0 | Avg Moves: 0.00
[Iter 555] Eval Best detail: Capture White: 10 | Avg Moves: 30.00
[Iter 555] Eval Best detail: Territory Black: 0 | Avg Diff: 0.00 | Avg Moves: 0.00
[Iter 555] Eval Best detail: Territory White: 10 | Avg Diff: 2.00 | Avg Moves: 31.00
[Iter 560] Loss: 2.3521 (P:1.7107, V:0.6415) | WinRate: 0.0% | AvgMoves: 20.4 | Buffer: 400000
[Iter 560] Eval Best detail: Capture Black: 10 | Avg Moves: 35.00
[Iter 560] Eval Best detail: Capture White: 0 | Avg Moves: 0.00
[Iter 560] Eval Best detail: Territory Black: 0 | Avg Diff: 0.00 | Avg Moves: 0.00
[Iter 560] Eval Best detail: Territory White: 10 | Avg Diff: 2.00 | Avg Moves: 31.00
[Iter 565] Loss: 2.3484 (P:1.7027, V:0.6457) | WinRate: 0.0% | AvgMoves: 21.1 | Buffer: 400000
[Iter 565] Eval Best detail: Capture Black: 0 | Avg Moves: 0.00
[Iter 565] Eval Best detail: Capture White: 0 | Avg Moves: 0.00
[Iter 565] Eval Best detail: Territory Black: 10 | Avg Diff: 4.00 | Avg Moves: 31.00
[Iter 565] Eval Best detail: Territory White: 10 | Avg Diff: 1.00 | Avg Moves: 39.00
[Iter 570] Loss: 2.3446 (P:1.7023, V:0.6423) | WinRate: 0.0% | AvgMoves: 20.8 | Buffer: 400000
[Iter 570] Eval Best detail: Capture Black: 10 | Avg Moves: 27.00
[Iter 570] Eval Best detail: Capture White: 10 | Avg Moves: 30.00
[Iter 570] Eval Best detail: Territory Black: 0 | Avg Diff: 0.00 | Avg Moves: 0.00
[Iter 570] Eval Best detail: Territory White: 0 | Avg Diff: 0.00 | Avg Moves: 0.00
[Iter 575] Loss: 2.3354 (P:1.6985, V:0.6369) | WinRate: 0.0% | AvgMoves: 21.9 | Buffer: 400000
[Iter 575] Eval Best detail: Capture Black: 10 | Avg Moves: 29.00
[Iter 575] Eval Best detail: Capture White: 0 | Avg Moves: 0.00
[Iter 575] Eval Best detail: Territory Black: 10 | Avg Diff: 3.00 | Avg Moves: 35.00
[Iter 575] Eval Best detail: Territory White: 0 | Avg Diff: 0.00 | Avg Moves: 0.00
[Iter 580] Loss: 2.3311 (P:1.6999, V:0.6312) | WinRate: 0.0% | AvgMoves: 20.8 | Buffer: 400000
[Iter 580] Eval Best detail: Capture Black: 10 | Avg Moves: 29.00
[Iter 580] Eval Best detail: Capture White: 0 | Avg Moves: 0.00
[Iter 580] Eval Best detail: Territory Black: 10 | Avg Diff: 3.00 | Avg Moves: 35.00
[Iter 580] Eval Best detail: Territory White: 0 | Avg Diff: 0.00 | Avg Moves: 0.00
[Iter 585] Loss: 2.3233 (P:1.6962, V:0.6271) | WinRate: 0.0% | AvgMoves: 21.2 | Buffer: 400000
[Iter 585] Eval Best detail: Capture Black: 20 | Avg Moves: 28.00
[Iter 585] Eval Best detail: Capture White: 0 | Avg Moves: 0.00
[Iter 585] Eval Best detail: Territory Black: 0 | Avg Diff: 0.00 | Avg Moves: 0.00
[Iter 585] Eval Best detail: Territory White: 0 | Avg Diff: 0.00 | Avg Moves: 0.00
[Iter 590] Loss: 2.3162 (P:1.6919, V:0.6243) | WinRate: 0.0% | AvgMoves: 20.8 | Buffer: 400000
[Iter 590] Eval Best detail: Capture Black: 20 | Avg Moves: 28.00
[Iter 590] Eval Best detail: Capture White: 0 | Avg Moves: 0.00
[Iter 590] Eval Best detail: Territory Black: 0 | Avg Diff: 0.00 | Avg Moves: 0.00
[Iter 590] Eval Best detail: Territory White: 0 | Avg Diff: 0.00 | Avg Moves: 0.00
[Iter 595] Loss: 2.3206 (P:1.6975, V:0.6232) | WinRate: 0.0% | AvgMoves: 20.9 | Buffer: 400000
[Iter 595] Eval Best detail: Capture Black: 10 | Avg Moves: 29.00
[Iter 595] Eval Best detail: Capture White: 0 | Avg Moves: 0.00
[Iter 595] Eval Best detail: Territory Black: 10 | Avg Diff: 3.00 | Avg Moves: 35.00
[Iter 595] Eval Best detail: Territory White: 0 | Avg Diff: 0.00 | Avg Moves: 0.00
[Iter 600] Loss: 2.3190 (P:1.6940, V:0.6250) | WinRate: 0.0% | AvgMoves: 21.9 | Buffer: 400000
[Iter 600] Eval Best detail: Capture Black: 10 | Avg Moves: 29.00
[Iter 600] Eval Best detail: Capture White: 0 | Avg Moves: 0.00
[Iter 600] Eval Best detail: Territory Black: 10 | Avg Diff: 3.00 | Avg Moves: 35.00
[Iter 600] Eval Best detail: Territory White: 0 | Avg Diff: 0.00 | Avg Moves: 0.00
