[Iter 130] Loss: 3.5670 (P:3.0223, V:0.5448) | WinRate: 0.0% | AvgMoves: 22.4 | Buffer: 141720
[Iter 130] Eval Best detail: Capture Black: 10 | Avg Moves: 42.80
[Iter 130] Eval Best detail: Capture White: 9 | Avg Moves: 19.78
[Iter 130] Eval Best detail: Territory Black: 1 | Avg Diff: 23.00 | Avg Moves: 53.00
[Iter 130] Eval Best detail: Territory White: 0 | Avg Diff: 0.00 | Avg Moves: 0.00
[Iter 135] Loss: 3.5957 (P:3.0247, V:0.5710) | WinRate: 0.0% | AvgMoves: 23.7 | Buffer: 282696
[Iter 135] Eval Best detail: Capture Black: 20 | Avg Moves: 24.50
[Iter 135] Eval Best detail: Capture White: 0 | Avg Moves: 0.00
[Iter 135] Eval Best detail: Territory Black: 0 | Avg Diff: 0.00 | Avg Moves: 0.00
[Iter 135] Eval Best detail: Territory White: 0 | Avg Diff: 0.00 | Avg Moves: 0.00
[Iter 140] Loss: 3.6373 (P:3.0373, V:0.6000) | WinRate: 0.0% | AvgMoves: 23.9 | Buffer: 425552
[Iter 140] Eval Best detail: Capture Black: 16 | Avg Moves: 25.50
[Iter 140] Eval Best detail: Capture White: 2 | Avg Moves: 38.00
[Iter 140] Eval Best detail: Territory Black: 1 | Avg Diff: 12.00 | Avg Moves: 45.00
[Iter 140] Eval Best detail: Territory White: 1 | Avg Diff: 1.00 | Avg Moves: 53.00
[Iter 145] Loss: 3.6542 (P:3.0650, V:0.5892) | WinRate: 0.0% | AvgMoves: 22.4 | Buffer: 560712
[Iter 145] Eval Best detail: Capture Black: 17 | Avg Moves: 35.94
[Iter 145] Eval Best detail: Capture White: 2 | Avg Moves: 35.00
[Iter 145] Eval Best detail: Territory Black: 1 | Avg Diff: 28.00 | Avg Moves: 35.00
[Iter 145] Eval Best detail: Territory White: 0 | Avg Diff: 0.00 | Avg Moves: 0.00
[Iter 150] Loss: 3.6734 (P:3.0744, V:0.5990) | WinRate: 0.0% | AvgMoves: 22.2 | Buffer: 695880
[Iter 150] Eval Best detail: Capture Black: 12 | Avg Moves: 33.83
[Iter 150] Eval Best detail: Capture White: 4 | Avg Moves: 38.00
[Iter 150] Eval Best detail: Territory Black: 4 | Avg Diff: 21.00 | Avg Moves: 42.00
[Iter 150] Eval Best detail: Territory White: 0 | Avg Diff: 0.00 | Avg Moves: 0.00
[Iter 155] Loss: 3.6479 (P:3.0432, V:0.6047) | WinRate: 0.0% | AvgMoves: 25.3 | Buffer: 700000
[Iter 155] Eval Best detail: Capture Black: 4 | Avg Moves: 17.50
[Iter 155] Eval Best detail: Capture White: 11 | Avg Moves: 16.18
[Iter 155] Eval Best detail: Territory Black: 5 | Avg Diff: 13.80 | Avg Moves: 47.80
[Iter 155] Eval Best detail: Territory White: 0 | Avg Diff: 0.00 | Avg Moves: 0.00
[Iter 160] Loss: 3.6695 (P:3.0541, V:0.6154) | WinRate: 0.0% | AvgMoves: 23.3 | Buffer: 700000
[Iter 160] Eval Best detail: Capture Black: 7 | Avg Moves: 22.71
[Iter 160] Eval Best detail: Capture White: 4 | Avg Moves: 37.50
[Iter 160] Eval Best detail: Territory Black: 9 | Avg Diff: 14.89 | Avg Moves: 43.22
[Iter 160] Eval Best detail: Territory White: 0 | Avg Diff: 0.00 | Avg Moves: 0.00
[Iter 165] Loss: 3.6364 (P:3.0372, V:0.5992) | WinRate: 0.0% | AvgMoves: 24.7 | Buffer: 700000
[Iter 165] Eval Best detail: Capture Black: 13 | Avg Moves: 24.08
[Iter 165] Eval Best detail: Capture White: 2 | Avg Moves: 31.00
[Iter 165] Eval Best detail: Territory Black: 5 | Avg Diff: 15.20 | Avg Moves: 46.80
[Iter 165] Eval Best detail: Territory White: 0 | Avg Diff: 0.00 | Avg Moves: 0.00
[Iter 170] Loss: 3.5939 (P:2.9921, V:0.6018) | WinRate: 0.0% | AvgMoves: 22.8 | Buffer: 700000
[Iter 170] Eval Best detail: Capture Black: 10 | Avg Moves: 19.60
[Iter 170] Eval Best detail: Capture White: 1 | Avg Moves: 38.00
[Iter 170] Eval Best detail: Territory Black: 9 | Avg Diff: 15.11 | Avg Moves: 41.56
[Iter 170] Eval Best detail: Territory White: 0 | Avg Diff: 0.00 | Avg Moves: 0.00
[Iter 175] Loss: 3.5492 (P:2.9433, V:0.6060) | WinRate: 0.0% | AvgMoves: 26.6 | Buffer: 700000
[Iter 175] Eval Best detail: Capture Black: 13 | Avg Moves: 15.46
[Iter 175] Eval Best detail: Capture White: 1 | Avg Moves: 54.00
[Iter 175] Eval Best detail: Territory Black: 6 | Avg Diff: 14.83 | Avg Moves: 42.67
[Iter 175] Eval Best detail: Territory White: 0 | Avg Diff: 0.00 | Avg Moves: 0.00
[Iter 180] Loss: 3.5364 (P:2.9239, V:0.6126) | WinRate: 0.0% | AvgMoves: 25.2 | Buffer: 700000
[Iter 180] Eval Best detail: Capture Black: 2 | Avg Moves: 19.00
[Iter 180] Eval Best detail: Capture White: 2 | Avg Moves: 35.00
[Iter 180] Eval Best detail: Territory Black: 15 | Avg Diff: 14.27 | Avg Moves: 36.53
[Iter 180] Eval Best detail: Territory White: 1 | Avg Diff: 1.00 | Avg Moves: 58.00
