[Iter 5] Loss: 3.4137 (P:2.6775, V:0.7362) | WinRate: 100.0% | AvgMoves: 25.0 | Buffer: 90960
[Iter 5] Eval MCTS detail: Capture Black: 10 | Avg Moves: 20.40
[Iter 5] Eval MCTS detail: Capture White: 8 | Avg Moves: 15.50
[Iter 5] Eval MCTS detail: Territory Black: 0 | Avg Diff: 0.00 | Avg Moves: 0.00
[Iter 5] Eval MCTS detail: Territory White: 2 | Avg Diff: 0.00 | Avg Moves: 19.50
[Iter 10] Loss: 3.4146 (P:2.6729, V:0.7417) | WinRate: 100.0% | AvgMoves: 25.2 | Buffer: 181240
[Iter 10] Eval MCTS detail: Capture Black: 10 | Avg Moves: 16.20
[Iter 10] Eval MCTS detail: Capture White: 10 | Avg Moves: 13.40
[Iter 10] Eval MCTS detail: Territory Black: 0 | Avg Diff: 0.00 | Avg Moves: 0.00
[Iter 10] Eval MCTS detail: Territory White: 0 | Avg Diff: 0.00 | Avg Moves: 0.00
[Iter 15] Loss: 3.4289 (P:2.6970, V:0.7320) | WinRate: 95.0% | AvgMoves: 23.9 | Buffer: 268664
[Iter 15] Eval MCTS detail: Capture Black: 11 | Avg Moves: 14.27
[Iter 15] Eval MCTS detail: Capture White: 9 | Avg Moves: 16.89
[Iter 15] Eval MCTS detail: Territory Black: 0 | Avg Diff: 0.00 | Avg Moves: 0.00
[Iter 15] Eval MCTS detail: Territory White: 0 | Avg Diff: 0.00 | Avg Moves: 0.00
[Iter 20] Loss: 3.4410 (P:2.7118, V:0.7292) | WinRate: 0.0% | AvgMoves: 25.7 | Buffer: 358448
[Iter 20] Eval Best detail: Capture Black: 12 | Avg Moves: 11.17
[Iter 20] Eval Best detail: Capture White: 1 | Avg Moves: 18.00
[Iter 20] Eval Best detail: Territory Black: 7 | Avg Diff: 6.43 | Avg Moves: 42.57
[Iter 20] Eval Best detail: Territory White: 0 | Avg Diff: 0.00 | Avg Moves: 0.00
[Iter 25] Loss: 3.4381 (P:2.7119, V:0.7262) | WinRate: 0.0% | AvgMoves: 24.2 | Buffer: 445416
[Iter 25] Eval Best detail: Capture Black: 3 | Avg Moves: 11.00
[Iter 25] Eval Best detail: Capture White: 6 | Avg Moves: 18.00
[Iter 25] Eval Best detail: Territory Black: 11 | Avg Diff: 11.36 | Avg Moves: 40.73
[Iter 25] Eval Best detail: Territory White: 0 | Avg Diff: 0.00 | Avg Moves: 0.00
[Iter 30] Loss: 3.4313 (P:2.7093, V:0.7220) | WinRate: 0.0% | AvgMoves: 24.1 | Buffer: 500000
[Iter 30] Eval Best detail: Capture Black: 16 | Avg Moves: 19.62
[Iter 30] Eval Best detail: Capture White: 4 | Avg Moves: 25.50
[Iter 30] Eval Best detail: Territory Black: 0 | Avg Diff: 0.00 | Avg Moves: 0.00
[Iter 30] Eval Best detail: Territory White: 0 | Avg Diff: 0.00 | Avg Moves: 0.00
