[Iter 70] Loss: 3.4739 (P:2.8975, V:0.5764) | WinRate: 0.0% | AvgMoves: 22.2 | Buffer: 136800
[Iter 70] Eval Best detail: Capture Black: 19 | Avg Moves: 24.79
[Iter 70] Eval Best detail: Capture White: 1 | Avg Moves: 10.00
[Iter 70] Eval Best detail: Territory Black: 0 | Avg Diff: 0.00 | Avg Moves: 0.00
[Iter 70] Eval Best detail: Territory White: 0 | Avg Diff: 0.00 | Avg Moves: 0.00
[Iter 75] Loss: 3.4285 (P:2.8178, V:0.6107) | WinRate: 0.0% | AvgMoves: 23.3 | Buffer: 287712
[Iter 75] Eval Best detail: Capture Black: 15 | Avg Moves: 26.07
[Iter 75] Eval Best detail: Capture White: 1 | Avg Moves: 44.00
[Iter 75] Eval Best detail: Territory Black: 0 | Avg Diff: 0.00 | Avg Moves: 0.00
[Iter 75] Eval Best detail: Territory White: 4 | Avg Diff: 2.00 | Avg Moves: 49.25
[Iter 80] Loss: 3.3770 (P:2.7682, V:0.6087) | WinRate: 0.0% | AvgMoves: 25.3 | Buffer: 436696
[Iter 80] Eval Best detail: Capture Black: 7 | Avg Moves: 25.29
[Iter 80] Eval Best detail: Capture White: 11 | Avg Moves: 29.45
[Iter 80] Eval Best detail: Territory Black: 2 | Avg Diff: 11.00 | Avg Moves: 53.00
[Iter 80] Eval Best detail: Territory White: 0 | Avg Diff: 0.00 | Avg Moves: 0.00
[Iter 85] Loss: 3.3991 (P:2.7697, V:0.6294) | WinRate: 0.0% | AvgMoves: 25.3 | Buffer: 587600
[Iter 85] Eval Best detail: Capture Black: 7 | Avg Moves: 9.00
[Iter 85] Eval Best detail: Capture White: 3 | Avg Moves: 16.00
[Iter 85] Eval Best detail: Territory Black: 10 | Avg Diff: 17.00 | Avg Moves: 44.00
[Iter 85] Eval Best detail: Territory White: 0 | Avg Diff: 0.00 | Avg Moves: 0.00
[Iter 90] Loss: 3.3573 (P:2.7236, V:0.6337) | WinRate: 0.0% | AvgMoves: 21.9 | Buffer: 700000
[Iter 90] Eval Best detail: Capture Black: 7 | Avg Moves: 26.43
[Iter 90] Eval Best detail: Capture White: 10 | Avg Moves: 24.40
[Iter 90] Eval Best detail: Territory Black: 3 | Avg Diff: 16.33 | Avg Moves: 49.33
[Iter 90] Eval Best detail: Territory White: 0 | Avg Diff: 0.00 | Avg Moves: 0.00
[Iter 95] Loss: 3.3448 (P:2.7136, V:0.6313) | WinRate: 0.0% | AvgMoves: 23.7 | Buffer: 700000
[Iter 95] Eval Best detail: Capture Black: 12 | Avg Moves: 21.83
[Iter 95] Eval Best detail: Capture White: 7 | Avg Moves: 35.71
[Iter 95] Eval Best detail: Territory Black: 0 | Avg Diff: 0.00 | Avg Moves: 0.00
[Iter 95] Eval Best detail: Territory White: 1 | Avg Diff: 1.00 | Avg Moves: 57.00
[Iter 100] Loss: 3.3314 (P:2.6916, V:0.6398) | WinRate: 0.0% | AvgMoves: 23.6 | Buffer: 700000
[Iter 100] Eval Best detail: Capture Black: 16 | Avg Moves: 16.50
[Iter 100] Eval Best detail: Capture White: 0 | Avg Moves: 0.00
[Iter 100] Eval Best detail: Territory Black: 3 | Avg Diff: 15.67 | Avg Moves: 41.67
[Iter 100] Eval Best detail: Territory White: 1 | Avg Diff: 2.00 | Avg Moves: 61.00
