[Iter 455] Loss: 1.7499 (P:1.3882, V:0.3617) | WinRate: 0.0% | AvgMoves: 21.1 | Buffer: 75896
[Iter 455] Eval Best detail: Capture Black: 0 | Avg Moves: 0.00
[Iter 455] Eval Best detail: Capture White: 10 | Avg Moves: 40.00
[Iter 455] Eval Best detail: Territory Black: 0 | Avg Diff: 0.00 | Avg Moves: 0.00
[Iter 455] Eval Best detail: Territory White: 10 | Avg Diff: 1.00 | Avg Moves: 29.00
[Iter 460] Loss: 1.8840 (P:1.4663, V:0.4177) | WinRate: 0.0% | AvgMoves: 21.3 | Buffer: 151024
[Iter 460] Eval Best detail: Capture Black: 10 | Avg Moves: 29.00
[Iter 460] Eval Best detail: Capture White: 0 | Avg Moves: 0.00
[Iter 460] Eval Best detail: Territory Black: 0 | Avg Diff: 0.00 | Avg Moves: 0.00
[Iter 460] Eval Best detail: Territory White: 10 | Avg Diff: 0.00 | Avg Moves: 33.00
[Iter 465] Loss: 1.9284 (P:1.4961, V:0.4324) | WinRate: 0.0% | AvgMoves: 20.0 | Buffer: 227072
[Iter 465] Eval Best detail: Capture Black: 0 | Avg Moves: 0.00
[Iter 465] Eval Best detail: Capture White: 20 | Avg Moves: 25.00
[Iter 465] Eval Best detail: Territory Black: 0 | Avg Diff: 0.00 | Avg Moves: 0.00
[Iter 465] Eval Best detail: Territory White: 0 | Avg Diff: 0.00 | Avg Moves: 0.00
[Iter 470] Loss: 1.9546 (P:1.5071, V:0.4476) | WinRate: 0.0% | AvgMoves: 21.1 | Buffer: 301400
[Iter 470] Eval Best detail: Capture Black: 10 | Avg Moves: 31.00
[Iter 470] Eval Best detail: Capture White: 0 | Avg Moves: 0.00
[Iter 470] Eval Best detail: Territory Black: 0 | Avg Diff: 0.00 | Avg Moves: 0.00
[Iter 470] Eval Best detail: Territory White: 10 | Avg Diff: 0.00 | Avg Moves: 30.00
