[Iter 225] Loss: 2.0845 (P:1.6464, V:0.4381) | WinRate: 0.0% | AvgMoves: 20.9 | Buffer: 73712
[Iter 225] Eval Best detail: Capture Black: 10 | Avg Moves: 35.00
[Iter 225] Eval Best detail: Capture White: 10 | Avg Moves: 30.00
[Iter 225] Eval Best detail: Territory Black: 0 | Avg Diff: 0.00 | Avg Moves: 0.00
[Iter 225] Eval Best detail: Territory White: 0 | Avg Diff: 0.00 | Avg Moves: 0.00
[Iter 230] Loss: 2.1914 (P:1.7164, V:0.4751) | WinRate: 0.0% | AvgMoves: 19.6 | Buffer: 145680
[Iter 230] Eval Best detail: Capture Black: 10 | Avg Moves: 25.00
[Iter 230] Eval Best detail: Capture White: 0 | Avg Moves: 0.00
[Iter 230] Eval Best detail: Territory Black: 10 | Avg Diff: 8.00 | Avg Moves: 33.00
[Iter 230] Eval Best detail: Territory White: 0 | Avg Diff: 0.00 | Avg Moves: 0.00
[Iter 235] Loss: 2.2587 (P:1.7574, V:0.5013) | WinRate: 0.0% | AvgMoves: 19.9 | Buffer: 219352
[Iter 235] Eval Best detail: Capture Black: 0 | Avg Moves: 0.00
[Iter 235] Eval Best detail: Capture White: 20 | Avg Moves: 32.00
[Iter 235] Eval Best detail: Territory Black: 0 | Avg Diff: 0.00 | Avg Moves: 0.00
[Iter 235] Eval Best detail: Territory White: 0 | Avg Diff: 0.00 | Avg Moves: 0.00
[Iter 240] Loss: 2.2852 (P:1.7613, V:0.5239) | WinRate: 0.0% | AvgMoves: 21.1 | Buffer: 294160
[Iter 240] Eval Best detail: Capture Black: 10 | Avg Moves: 27.00
[Iter 240] Eval Best detail: Capture White: 10 | Avg Moves: 32.00
[Iter 240] Eval Best detail: Territory Black: 0 | Avg Diff: 0.00 | Avg Moves: 0.00
[Iter 240] Eval Best detail: Territory White: 0 | Avg Diff: 0.00 | Avg Moves: 0.00
[Iter 245] Loss: 2.3012 (P:1.7560, V:0.5452) | WinRate: 0.0% | AvgMoves: 20.2 | Buffer: 370384
[Iter 245] Eval Best detail: Capture Black: 10 | Avg Moves: 27.00
[Iter 245] Eval Best detail: Capture White: 0 | Avg Moves: 0.00
[Iter 245] Eval Best detail: Territory Black: 0 | Avg Diff: 0.00 | Avg Moves: 0.00
[Iter 245] Eval Best detail: Territory White: 10 | Avg Diff: 2.00 | Avg Moves: 31.00
[Iter 250] Loss: 2.3003 (P:1.7456, V:0.5547) | WinRate: 0.0% | AvgMoves: 21.2 | Buffer: 400000
[Iter 250] Eval Best detail: Capture Black: 10 | Avg Moves: 21.00
[Iter 250] Eval Best detail: Capture White: 10 | Avg Moves: 32.00
[Iter 250] Eval Best detail: Territory Black: 0 | Avg Diff: 0.00 | Avg Moves: 0.00
[Iter 250] Eval Best detail: Territory White: 0 | Avg Diff: 0.00 | Avg Moves: 0.00
[Iter 255] Loss: 2.2967 (P:1.7288, V:0.5679) | WinRate: 0.0% | AvgMoves: 21.5 | Buffer: 400000
[Iter 255] Eval Best detail: Capture Black: 10 | Avg Moves: 37.00
[Iter 255] Eval Best detail: Capture White: 0 | Avg Moves: 0.00
[Iter 255] Eval Best detail: Territory Black: 10 | Avg Diff: 6.00 | Avg Moves: 28.00
[Iter 255] Eval Best detail: Territory White: 0 | Avg Diff: 0.00 | Avg Moves: 0.00
[Iter 260] Loss: 2.2469 (P:1.6752, V:0.5717) | WinRate: 0.0% | AvgMoves: 21.4 | Buffer: 400000
[Iter 260] Eval Best detail: Capture Black: 20 | Avg Moves: 27.00
[Iter 260] Eval Best detail: Capture White: 0 | Avg Moves: 0.00
[Iter 260] Eval Best detail: Territory Black: 0 | Avg Diff: 0.00 | Avg Moves: 0.00
[Iter 260] Eval Best detail: Territory White: 0 | Avg Diff: 0.00 | Avg Moves: 0.00
[Iter 265] Loss: 2.2109 (P:1.6368, V:0.5741) | WinRate: 0.0% | AvgMoves: 20.7 | Buffer: 400000
[Iter 265] Eval Best detail: Capture Black: 10 | Avg Moves: 31.00
[Iter 265] Eval Best detail: Capture White: 10 | Avg Moves: 30.00
[Iter 265] Eval Best detail: Territory Black: 0 | Avg Diff: 0.00 | Avg Moves: 0.00
[Iter 265] Eval Best detail: Territory White: 0 | Avg Diff: 0.00 | Avg Moves: 0.00
[Iter 270] Loss: 2.1770 (P:1.6125, V:0.5646) | WinRate: 0.0% | AvgMoves: 21.3 | Buffer: 400000
[Iter 270] Eval Best detail: Capture Black: 10 | Avg Moves: 17.00
[Iter 270] Eval Best detail: Capture White: 0 | Avg Moves: 0.00
[Iter 270] Eval Best detail: Territory Black: 0 | Avg Diff: 0.00 | Avg Moves: 0.00
[Iter 270] Eval Best detail: Territory White: 10 | Avg Diff: 1.00 | Avg Moves: 40.00
[Iter 275] Loss: 2.1392 (P:1.5826, V:0.5566) | WinRate: 0.0% | AvgMoves: 21.5 | Buffer: 400000
[Iter 275] Eval Best detail: Capture Black: 10 | Avg Moves: 29.00
[Iter 275] Eval Best detail: Capture White: 10 | Avg Moves: 24.00
[Iter 275] Eval Best detail: Territory Black: 0 | Avg Diff: 0.00 | Avg Moves: 0.00
[Iter 275] Eval Best detail: Territory White: 0 | Avg Diff: 0.00 | Avg Moves: 0.00
[Iter 280] Loss: 2.1054 (P:1.5502, V:0.5553) | WinRate: 0.0% | AvgMoves: 21.3 | Buffer: 400000
[Iter 280] Eval Best detail: Capture Black: 20 | Avg Moves: 28.00
[Iter 280] Eval Best detail: Capture White: 0 | Avg Moves: 0.00
[Iter 280] Eval Best detail: Territory Black: 0 | Avg Diff: 0.00 | Avg Moves: 0.00
[Iter 280] Eval Best detail: Territory White: 0 | Avg Diff: 0.00 | Avg Moves: 0.00
[Iter 285] Loss: 2.0786 (P:1.5323, V:0.5463) | WinRate: 0.0% | AvgMoves: 22.0 | Buffer: 400000
[Iter 285] Eval Best detail: Capture Black: 20 | Avg Moves: 25.00
[Iter 285] Eval Best detail: Capture White: 0 | Avg Moves: 0.00
[Iter 285] Eval Best detail: Territory Black: 0 | Avg Diff: 0.00 | Avg Moves: 0.00
[Iter 285] Eval Best detail: Territory White: 0 | Avg Diff: 0.00 | Avg Moves: 0.00
