[Iter 200] Loss: 2.1442 (P:1.7207, V:0.4235) | WinRate: 0.0% | AvgMoves: 18.8 | Buffer: 72768
[Iter 200] Eval Best detail: Capture Black: 0 | Avg Moves: 0.00
[Iter 200] Eval Best detail: Capture White: 20 | Avg Moves: 24.00
[Iter 200] Eval Best detail: Territory Black: 0 | Avg Diff: 0.00 | Avg Moves: 0.00
[Iter 200] Eval Best detail: Territory White: 0 | Avg Diff: 0.00 | Avg Moves: 0.00
[Iter 205] Loss: 2.2306 (P:1.7580, V:0.4726) | WinRate: 0.0% | AvgMoves: 20.2 | Buffer: 146408
[Iter 205] Eval Best detail: Capture Black: 10 | Avg Moves: 19.00
[Iter 205] Eval Best detail: Capture White: 0 | Avg Moves: 0.00
[Iter 205] Eval Best detail: Territory Black: 0 | Avg Diff: 0.00 | Avg Moves: 0.00
[Iter 205] Eval Best detail: Territory White: 10 | Avg Diff: 1.00 | Avg Moves: 23.00
[Iter 210] Loss: 2.2566 (P:1.7567, V:0.4998) | WinRate: 0.0% | AvgMoves: 20.4 | Buffer: 218496
[Iter 210] Eval Best detail: Capture Black: 10 | Avg Moves: 23.00
[Iter 210] Eval Best detail: Capture White: 0 | Avg Moves: 0.00
[Iter 210] Eval Best detail: Territory Black: 10 | Avg Diff: 4.00 | Avg Moves: 27.00
[Iter 210] Eval Best detail: Territory White: 0 | Avg Diff: 0.00 | Avg Moves: 0.00
[Iter 215] Loss: 2.2847 (P:1.7638, V:0.5209) | WinRate: 0.0% | AvgMoves: 20.3 | Buffer: 293168
[Iter 215] Eval Best detail: Capture Black: 10 | Avg Moves: 33.00
[Iter 215] Eval Best detail: Capture White: 10 | Avg Moves: 22.00
[Iter 215] Eval Best detail: Territory Black: 0 | Avg Diff: 0.00 | Avg Moves: 0.00
[Iter 215] Eval Best detail: Territory White: 0 | Avg Diff: 0.00 | Avg Moves: 0.00
[Iter 220] Loss: 2.3099 (P:1.7763, V:0.5336) | WinRate: 0.0% | AvgMoves: 19.4 | Buffer: 365824
[Iter 220] Eval Best detail: Capture Black: 0 | Avg Moves: 0.00
[Iter 220] Eval Best detail: Capture White: 0 | Avg Moves: 0.00
[Iter 220] Eval Best detail: Territory Black: 10 | Avg Diff: 3.00 | Avg Moves: 30.00
[Iter 220] Eval Best detail: Territory White: 10 | Avg Diff: 1.00 | Avg Moves: 36.00
