[Iter 290] Loss: 1.9414 (P:1.5293, V:0.4121) | WinRate: 0.0% | AvgMoves: 21.3 | Buffer: 76136
[Iter 290] Eval Best detail: Capture Black: 10 | Avg Moves: 31.00
[Iter 290] Eval Best detail: Capture White: 0 | Avg Moves: 0.00
[Iter 290] Eval Best detail: Territory Black: 10 | Avg Diff: 4.00 | Avg Moves: 31.00
[Iter 290] Eval Best detail: Territory White: 0 | Avg Diff: 0.00 | Avg Moves: 0.00
[Iter 295] Loss: 1.9990 (P:1.5617, V:0.4374) | WinRate: 0.0% | AvgMoves: 21.1 | Buffer: 150520
[Iter 295] Eval Best detail: Capture Black: 10 | Avg Moves: 21.00
[Iter 295] Eval Best detail: Capture White: 10 | Avg Moves: 26.00
[Iter 295] Eval Best detail: Territory Black: 0 | Avg Diff: 0.00 | Avg Moves: 0.00
[Iter 295] Eval Best detail: Territory White: 0 | Avg Diff: 0.00 | Avg Moves: 0.00
[Iter 300] Loss: 2.0587 (P:1.5921, V:0.4665) | WinRate: 0.0% | AvgMoves: 20.9 | Buffer: 224040
[Iter 300] Eval Best detail: Capture Black: 10 | Avg Moves: 23.00
[Iter 300] Eval Best detail: Capture White: 10 | Avg Moves: 17.20
[Iter 300] Eval Best detail: Territory Black: 0 | Avg Diff: 0.00 | Avg Moves: 0.00
[Iter 300] Eval Best detail: Territory White: 0 | Avg Diff: 0.00 | Avg Moves: 0.00
[Iter 305] Loss: 2.0926 (P:1.6017, V:0.4909) | WinRate: 0.0% | AvgMoves: 19.8 | Buffer: 298592
[Iter 305] Eval Best detail: Capture Black: 10 | Avg Moves: 21.00
[Iter 305] Eval Best detail: Capture White: 10 | Avg Moves: 20.00
[Iter 305] Eval Best detail: Territory Black: 0 | Avg Diff: 0.00 | Avg Moves: 0.00
[Iter 305] Eval Best detail: Territory White: 0 | Avg Diff: 0.00 | Avg Moves: 0.00
[Iter 310] Loss: 2.0857 (P:1.5916, V:0.4941) | WinRate: 0.0% | AvgMoves: 21.4 | Buffer: 369688
[Iter 310] Eval Best detail: Capture Black: 10 | Avg Moves: 28.00
[Iter 310] Eval Best detail: Capture White: 10 | Avg Moves: 26.00
[Iter 310] Eval Best detail: Territory Black: 0 | Avg Diff: 0.00 | Avg Moves: 0.00
[Iter 310] Eval Best detail: Territory White: 0 | Avg Diff: 0.00 | Avg Moves: 0.00
[Iter 315] Loss: 2.1133 (P:1.6050, V:0.5084) | WinRate: 0.0% | AvgMoves: 20.0 | Buffer: 400000
[Iter 315] Eval Best detail: Capture Black: 0 | Avg Moves: 0.00
[Iter 315] Eval Best detail: Capture White: 0 | Avg Moves: 0.00
[Iter 315] Eval Best detail: Territory Black: 20 | Avg Diff: 12.50 | Avg Moves: 24.50
[Iter 315] Eval Best detail: Territory White: 0 | Avg Diff: 0.00 | Avg Moves: 0.00
[Iter 320] Loss: 2.1132 (P:1.5915, V:0.5217) | WinRate: 0.0% | AvgMoves: 21.1 | Buffer: 400000
[Iter 320] Eval Best detail: Capture Black: 10 | Avg Moves: 25.00
[Iter 320] Eval Best detail: Capture White: 10 | Avg Moves: 32.00
[Iter 320] Eval Best detail: Territory Black: 0 | Avg Diff: 0.00 | Avg Moves: 0.00
[Iter 320] Eval Best detail: Territory White: 0 | Avg Diff: 0.00 | Avg Moves: 0.00
[Iter 325] Loss: 2.0988 (P:1.5763, V:0.5225) | WinRate: 0.0% | AvgMoves: 20.7 | Buffer: 400000
[Iter 325] Eval Best detail: Capture Black: 0 | Avg Moves: 0.00
[Iter 325] Eval Best detail: Capture White: 0 | Avg Moves: 0.00
[Iter 325] Eval Best detail: Territory Black: 10 | Avg Diff: 7.00 | Avg Moves: 29.00
[Iter 325] Eval Best detail: Territory White: 10 | Avg Diff: 2.00 | Avg Moves: 45.00
[Iter 330] Loss: 2.0789 (P:1.5531, V:0.5258) | WinRate: 0.0% | AvgMoves: 21.5 | Buffer: 400000
[Iter 330] Eval Best detail: Capture Black: 10 | Avg Moves: 34.40
[Iter 330] Eval Best detail: Capture White: 8 | Avg Moves: 24.00
[Iter 330] Eval Best detail: Territory Black: 2 | Avg Diff: 4.00 | Avg Moves: 25.00
[Iter 330] Eval Best detail: Territory White: 0 | Avg Diff: 0.00 | Avg Moves: 0.00
[Iter 335] Loss: 2.0483 (P:1.5227, V:0.5256) | WinRate: 0.0% | AvgMoves: 21.6 | Buffer: 400000
[Iter 335] Eval Best detail: Capture Black: 0 | Avg Moves: 0.00
[Iter 335] Eval Best detail: Capture White: 0 | Avg Moves: 0.00
[Iter 335] Eval Best detail: Territory Black: 10 | Avg Diff: 4.00 | Avg Moves: 36.60
[Iter 335] Eval Best detail: Territory White: 10 | Avg Diff: 7.00 | Avg Moves: 32.00
[Iter 340] Loss: 2.0337 (P:1.5134, V:0.5202) | WinRate: 0.0% | AvgMoves: 21.0 | Buffer: 400000
[Iter 340] Eval Best detail: Capture Black: 0 | Avg Moves: 0.00
[Iter 340] Eval Best detail: Capture White: 0 | Avg Moves: 0.00
[Iter 340] Eval Best detail: Territory Black: 0 | Avg Diff: 0.00 | Avg Moves: 0.00
[Iter 340] Eval Best detail: Territory White: 20 | Avg Diff: 3.25 | Avg Moves: 34.50
[Iter 345] Loss: 2.0201 (P:1.5066, V:0.5136) | WinRate: 0.0% | AvgMoves: 20.5 | Buffer: 400000
[Iter 345] Eval Best detail: Capture Black: 10 | Avg Moves: 43.00
[Iter 345] Eval Best detail: Capture White: 0 | Avg Moves: 0.00
[Iter 345] Eval Best detail: Territory Black: 0 | Avg Diff: 0.00 | Avg Moves: 0.00
[Iter 345] Eval Best detail: Territory White: 10 | Avg Diff: 2.00 | Avg Moves: 34.00
[Iter 350] Loss: 2.0275 (P:1.5017, V:0.5257) | WinRate: 0.0% | AvgMoves: 21.5 | Buffer: 400000
[Iter 350] Eval Best detail: Capture Black: 10 | Avg Moves: 25.00
[Iter 350] Eval Best detail: Capture White: 10 | Avg Moves: 16.00
[Iter 350] Eval Best detail: Territory Black: 0 | Avg Diff: 0.00 | Avg Moves: 0.00
[Iter 350] Eval Best detail: Territory White: 0 | Avg Diff: 0.00 | Avg Moves: 0.00
[Iter 355] Loss: 2.0139 (P:1.4930, V:0.5208) | WinRate: 0.0% | AvgMoves: 21.8 | Buffer: 400000
[Iter 355] Eval Best detail: Capture Black: 10 | Avg Moves: 29.00
[Iter 355] Eval Best detail: Capture White: 10 | Avg Moves: 34.00
[Iter 355] Eval Best detail: Territory Black: 0 | Avg Diff: 0.00 | Avg Moves: 0.00
[Iter 355] Eval Best detail: Territory White: 0 | Avg Diff: 0.00 | Avg Moves: 0.00
[Iter 360] Loss: 2.0216 (P:1.4980, V:0.5236) | WinRate: 0.0% | AvgMoves: 21.1 | Buffer: 400000
[Iter 360] Eval Best detail: Capture Black: 10 | Avg Moves: 29.00
[Iter 360] Eval Best detail: Capture White: 6 | Avg Moves: 25.33
[Iter 360] Eval Best detail: Territory Black: 0 | Avg Diff: 0.00 | Avg Moves: 0.00
[Iter 360] Eval Best detail: Territory White: 4 | Avg Diff: 1.00 | Avg Moves: 43.00
[Iter 365] Loss: 2.0140 (P:1.4947, V:0.5193) | WinRate: 0.0% | AvgMoves: 21.4 | Buffer: 400000
[Iter 365] Eval Best detail: Capture Black: 0 | Avg Moves: 0.00
[Iter 365] Eval Best detail: Capture White: 0 | Avg Moves: 0.00
[Iter 365] Eval Best detail: Territory Black: 10 | Avg Diff: 4.00 | Avg Moves: 29.00
[Iter 365] Eval Best detail: Territory White: 10 | Avg Diff: 3.00 | Avg Moves: 36.00
[Iter 370] Loss: 2.0109 (P:1.4934, V:0.5175) | WinRate: 0.0% | AvgMoves: 20.9 | Buffer: 400000
[Iter 370] Eval Best detail: Capture Black: 0 | Avg Moves: 0.00
[Iter 370] Eval Best detail: Capture White: 20 | Avg Moves: 24.00
[Iter 370] Eval Best detail: Territory Black: 0 | Avg Diff: 0.00 | Avg Moves: 0.00
[Iter 370] Eval Best detail: Territory White: 0 | Avg Diff: 0.00 | Avg Moves: 0.00
[Iter 375] Loss: 1.9867 (P:1.4749, V:0.5118) | WinRate: 0.0% | AvgMoves: 21.2 | Buffer: 400000
[Iter 375] Eval Best detail: Capture Black: 10 | Avg Moves: 29.00
[Iter 375] Eval Best detail: Capture White: 10 | Avg Moves: 26.00
[Iter 375] Eval Best detail: Territory Black: 0 | Avg Diff: 0.00 | Avg Moves: 0.00
[Iter 375] Eval Best detail: Territory White: 0 | Avg Diff: 0.00 | Avg Moves: 0.00
[Iter 380] Loss: 1.9905 (P:1.4757, V:0.5148) | WinRate: 0.0% | AvgMoves: 21.8 | Buffer: 400000
[Iter 380] Eval Best detail: Capture Black: 10 | Avg Moves: 27.00
[Iter 380] Eval Best detail: Capture White: 10 | Avg Moves: 30.00
[Iter 380] Eval Best detail: Territory Black: 0 | Avg Diff: 0.00 | Avg Moves: 0.00
[Iter 380] Eval Best detail: Territory White: 0 | Avg Diff: 0.00 | Avg Moves: 0.00
[Iter 385] Loss: 1.9748 (P:1.4639, V:0.5109) | WinRate: 0.0% | AvgMoves: 20.5 | Buffer: 400000
[Iter 385] Eval Best detail: Capture Black: 10 | Avg Moves: 37.00
[Iter 385] Eval Best detail: Capture White: 0 | Avg Moves: 0.00
[Iter 385] Eval Best detail: Territory Black: 0 | Avg Diff: 0.00 | Avg Moves: 0.00
[Iter 385] Eval Best detail: Territory White: 10 | Avg Diff: 3.00 | Avg Moves: 28.00
[Iter 390] Loss: 1.9749 (P:1.4614, V:0.5135) | WinRate: 0.0% | AvgMoves: 20.5 | Buffer: 400000
[Iter 390] Eval Best detail: Capture Black: 0 | Avg Moves: 0.00
[Iter 390] Eval Best detail: Capture White: 0 | Avg Moves: 0.00
[Iter 390] Eval Best detail: Territory Black: 0 | Avg Diff: 0.00 | Avg Moves: 0.00
[Iter 390] Eval Best detail: Territory White: 20 | Avg Diff: 2.50 | Avg Moves: 34.50
[Iter 395] Loss: 1.9620 (P:1.4488, V:0.5132) | WinRate: 0.0% | AvgMoves: 21.2 | Buffer: 400000
[Iter 395] Eval Best detail: Capture Black: 10 | Avg Moves: 31.00
[Iter 395] Eval Best detail: Capture White: 0 | Avg Moves: 0.00
[Iter 395] Eval Best detail: Territory Black: 10 | Avg Diff: 4.00 | Avg Moves: 27.00
[Iter 395] Eval Best detail: Territory White: 0 | Avg Diff: 0.00 | Avg Moves: 0.00
[Iter 400] Loss: 1.9523 (P:1.4458, V:0.5064) | WinRate: 0.0% | AvgMoves: 21.0 | Buffer: 400000
[Iter 400] Eval Best detail: Capture Black: 4 | Avg Moves: 31.00
[Iter 400] Eval Best detail: Capture White: 0 | Avg Moves: 0.00
[Iter 400] Eval Best detail: Territory Black: 6 | Avg Diff: 4.00 | Avg Moves: 33.00
[Iter 400] Eval Best detail: Territory White: 10 | Avg Diff: 0.00 | Avg Moves: 33.00
[Iter 405] Loss: 1.9462 (P:1.4402, V:0.5060) | WinRate: 0.0% | AvgMoves: 22.1 | Buffer: 400000
[Iter 405] Eval Best detail: Capture Black: 10 | Avg Moves: 23.00
[Iter 405] Eval Best detail: Capture White: 0 | Avg Moves: 0.00
[Iter 405] Eval Best detail: Territory Black: 10 | Avg Diff: 8.00 | Avg Moves: 28.00
[Iter 405] Eval Best detail: Territory White: 0 | Avg Diff: 0.00 | Avg Moves: 0.00
[Iter 410] Loss: 1.9484 (P:1.4443, V:0.5041) | WinRate: 0.0% | AvgMoves: 20.8 | Buffer: 400000
[Iter 410] Eval Best detail: Capture Black: 0 | Avg Moves: 0.00
[Iter 410] Eval Best detail: Capture White: 10 | Avg Moves: 14.00
[Iter 410] Eval Best detail: Territory Black: 10 | Avg Diff: 4.00 | Avg Moves: 27.00
[Iter 410] Eval Best detail: Territory White: 0 | Avg Diff: 0.00 | Avg Moves: 0.00
[Iter 415] Loss: 1.9451 (P:1.4448, V:0.5002) | WinRate: 0.0% | AvgMoves: 21.2 | Buffer: 400000
[Iter 415] Eval Best detail: Capture Black: 10 | Avg Moves: 27.00
[Iter 415] Eval Best detail: Capture White: 0 | Avg Moves: 0.00
[Iter 415] Eval Best detail: Territory Black: 0 | Avg Diff: 0.00 | Avg Moves: 0.00
[Iter 415] Eval Best detail: Territory White: 10 | Avg Diff: 1.00 | Avg Moves: 29.00
[Iter 420] Loss: 1.9328 (P:1.4357, V:0.4971) | WinRate: 0.0% | AvgMoves: 21.2 | Buffer: 400000
[Iter 420] Eval Best detail: Capture Black: 10 | Avg Moves: 23.00
[Iter 420] Eval Best detail: Capture White: 10 | Avg Moves: 22.00
[Iter 420] Eval Best detail: Territory Black: 0 | Avg Diff: 0.00 | Avg Moves: 0.00
[Iter 420] Eval Best detail: Territory White: 0 | Avg Diff: 0.00 | Avg Moves: 0.00
[Iter 425] Loss: 1.9469 (P:1.4550, V:0.4920) | WinRate: 0.0% | AvgMoves: 20.4 | Buffer: 400000
[Iter 425] Eval Best detail: Capture Black: 20 | Avg Moves: 26.00
[Iter 425] Eval Best detail: Capture White: 0 | Avg Moves: 0.00
[Iter 425] Eval Best detail: Territory Black: 0 | Avg Diff: 0.00 | Avg Moves: 0.00
[Iter 425] Eval Best detail: Territory White: 0 | Avg Diff: 0.00 | Avg Moves: 0.00
[Iter 430] Loss: 1.9165 (P:1.4425, V:0.4740) | WinRate: 0.0% | AvgMoves: 21.0 | Buffer: 400000
[Iter 430] Eval Best detail: Capture Black: 10 | Avg Moves: 31.00
[Iter 430] Eval Best detail: Capture White: 10 | Avg Moves: 22.00
[Iter 430] Eval Best detail: Territory Black: 0 | Avg Diff: 0.00 | Avg Moves: 0.00
[Iter 430] Eval Best detail: Territory White: 0 | Avg Diff: 0.00 | Avg Moves: 0.00
[Iter 435] Loss: 1.9334 (P:1.4540, V:0.4794) | WinRate: 0.0% | AvgMoves: 21.1 | Buffer: 400000
[Iter 435] Eval Best detail: Capture Black: 10 | Avg Moves: 27.00
[Iter 435] Eval Best detail: Capture White: 0 | Avg Moves: 0.00
[Iter 435] Eval Best detail: Territory Black: 10 | Avg Diff: 4.00 | Avg Moves: 26.00
[Iter 435] Eval Best detail: Territory White: 0 | Avg Diff: 0.00 | Avg Moves: 0.00
[Iter 440] Loss: 1.9295 (P:1.4442, V:0.4853) | WinRate: 0.0% | AvgMoves: 21.0 | Buffer: 400000
[Iter 440] Eval Best detail: Capture Black: 10 | Avg Moves: 25.00
[Iter 440] Eval Best detail: Capture White: 0 | Avg Moves: 0.00
[Iter 440] Eval Best detail: Territory Black: 10 | Avg Diff: 4.00 | Avg Moves: 31.00
[Iter 440] Eval Best detail: Territory White: 0 | Avg Diff: 0.00 | Avg Moves: 0.00
[Iter 445] Loss: 1.9159 (P:1.4328, V:0.4831) | WinRate: 0.0% | AvgMoves: 21.7 | Buffer: 400000
[Iter 445] Eval Best detail: Capture Black: 13 | Avg Moves: 24.38
[Iter 445] Eval Best detail: Capture White: 0 | Avg Moves: 0.00
[Iter 445] Eval Best detail: Territory Black: 0 | Avg Diff: 0.00 | Avg Moves: 0.00
[Iter 445] Eval Best detail: Territory White: 7 | Avg Diff: 3.00 | Avg Moves: 33.86
[Iter 450] Loss: 1.9167 (P:1.4345, V:0.4822) | WinRate: 0.0% | AvgMoves: 20.6 | Buffer: 400000
[Iter 450] Eval Best detail: Capture Black: 10 | Avg Moves: 19.00
[Iter 450] Eval Best detail: Capture White: 0 | Avg Moves: 0.00
[Iter 450] Eval Best detail: Territory Black: 0 | Avg Diff: 0.00 | Avg Moves: 0.00
[Iter 450] Eval Best detail: Territory White: 10 | Avg Diff: 2.00 | Avg Moves: 32.00
